<?xml version="1.0" encoding="UTF-8"?>
<testng-results skipped="0" failed="0" ignored="0" total="2" passed="2">
  <reporter-output>
  </reporter-output>
  <suite name="Parallel test suite" duration-ms="90764" started-at="2020-01-28T12:10:12 IST" finished-at="2020-01-28T12:11:43 IST">
    <groups>
    </groups>
    <test name="Firefox Test" duration-ms="44048" started-at="2020-01-28T12:10:12 IST" finished-at="2020-01-28T12:10:56 IST">
      <class name="tests.SearchBusesTest">
        <test-method status="PASS" signature="launchBrowser(java.lang.String)[pri:0, instance:tests.SearchBusesTest@3fd7a715]" name="launchBrowser" is-config="true" duration-ms="11718" started-at="2020-01-28T12:10:12 IST" finished-at="2020-01-28T12:10:24 IST">
          <params>
            <param index="0">
              <value>
                <![CDATA[Firefox]]>
              </value>
            </param>
          </params>
          <reporter-output>
          </reporter-output>
        </test-method> <!-- launchBrowser -->
        <test-method status="PASS" signature="testSearchPage(java.lang.String, java.lang.String)[pri:0, instance:tests.SearchBusesTest@3fd7a715]" name="testSearchPage" duration-ms="24429" started-at="2020-01-28T12:10:24 IST" data-provider="excelData" finished-at="2020-01-28T12:10:49 IST">
          <params>
            <param index="0">
              <value>
                <![CDATA[Tirupati]]>
              </value>
            </param>
            <param index="1">
              <value>
                <![CDATA[Hyderabad]]>
              </value>
            </param>
          </params>
          <reporter-output>
          </reporter-output>
        </test-method> <!-- testSearchPage -->
        <test-method status="PASS" signature="teardown()[pri:0, instance:tests.SearchBusesTest@3fd7a715]" name="teardown" is-config="true" duration-ms="7588" started-at="2020-01-28T12:10:49 IST" finished-at="2020-01-28T12:10:56 IST">
          <reporter-output>
          </reporter-output>
        </test-method> <!-- teardown -->
      </class> <!-- tests.SearchBusesTest -->
    </test> <!-- Firefox Test -->
    <test name="Chrome Test" duration-ms="46669" started-at="2020-01-28T12:10:56 IST" finished-at="2020-01-28T12:11:43 IST">
      <class name="tests.SearchBusesTest">
        <test-method status="PASS" signature="launchBrowser(java.lang.String)[pri:0, instance:tests.SearchBusesTest@536aaa8d]" name="launchBrowser" is-config="true" duration-ms="21784" started-at="2020-01-28T12:10:56 IST" finished-at="2020-01-28T12:11:18 IST">
          <params>
            <param index="0">
              <value>
                <![CDATA[chrome]]>
              </value>
            </param>
          </params>
          <reporter-output>
          </reporter-output>
        </test-method> <!-- launchBrowser -->
        <test-method status="PASS" signature="testSearchPage(java.lang.String, java.lang.String)[pri:0, instance:tests.SearchBusesTest@536aaa8d]" name="testSearchPage" duration-ms="24209" started-at="2020-01-28T12:11:18 IST" data-provider="excelData" finished-at="2020-01-28T12:11:42 IST">
          <params>
            <param index="0">
              <value>
                <![CDATA[Tirupati]]>
              </value>
            </param>
            <param index="1">
              <value>
                <![CDATA[Hyderabad]]>
              </value>
            </param>
          </params>
          <reporter-output>
          </reporter-output>
        </test-method> <!-- testSearchPage -->
        <test-method status="PASS" signature="teardown()[pri:0, instance:tests.SearchBusesTest@536aaa8d]" name="teardown" is-config="true" duration-ms="665" started-at="2020-01-28T12:11:42 IST" finished-at="2020-01-28T12:11:43 IST">
          <reporter-output>
          </reporter-output>
        </test-method> <!-- teardown -->
      </class> <!-- tests.SearchBusesTest -->
    </test> <!-- Chrome Test -->
  </suite> <!-- Parallel test suite -->
</testng-results>
